<?xml version="1.0" encoding="UTF-8"?>
<!-- Generated by org.testng.reporters.JUnitReportReporter -->
<testsuite skipped="0" hostname="INLH104210" name="testcases.TC001_LoginLogout" tests="1" failures="0" timestamp="28 Nov 2018 12:15:09 GMT" time="17.839" errors="0">
  <testcase name="loginLogout" time="17.839" classname="testcases.TC001_LoginLogout"/>
</testsuite> <!-- testcases.TC001_LoginLogout -->
