<?xml version="1.0" encoding="UTF-8"?>
<!-- Generated by org.testng.reporters.JUnitReportReporter -->
<testsuite skipped="0" hostname="INLH104210" name="testcases.TC003_EditLead" tests="1" failures="0" timestamp="30 Oct 2018 12:06:30 GMT" time="194.709" errors="0">
  <testcase name="editLead" time="194.709" classname="testcases.TC003_EditLead"/>
</testsuite> <!-- testcases.TC003_EditLead -->
