<?xml version="1.0" encoding="UTF-8"?>
<!-- Generated by org.testng.reporters.JUnitReportReporter -->
<testsuite skipped="0" hostname="INLH104210" name="testcases.TC002_CreateLead" tests="1" failures="0" timestamp="28 Oct 2018 10:01:50 GMT" time="77.533" errors="0">
  <testcase name="createLead" time="77.533" classname="testcases.TC002_CreateLead"/>
</testsuite> <!-- testcases.TC002_CreateLead -->
