<?xml version="1.0" encoding="UTF-8"?>
<!-- Generated by org.testng.reporters.JUnitReportReporter -->
<testsuite skipped="0" hostname="INLH104210" name="testcases.TC001_LoginLogout" tests="1" failures="0" timestamp="28 Oct 2018 10:01:50 GMT" time="10.144" errors="0">
  <testcase name="loginLogout" time="10.144" classname="testcases.TC001_LoginLogout"/>
</testsuite> <!-- testcases.TC001_LoginLogout -->
